\BOOKMARK [0][-]{chapter*.1}{\376\377\000A\000c\000k\000n\000o\000w\000l\000e\000d\000g\000m\000e\000n\000t}{}% 1
\BOOKMARK [0][-]{chapter*.6}{\376\377\000A\000b\000s\000t\000r\000a\000c\000t}{}% 2
\BOOKMARK [0][-]{chapter*.8}{\376\377\000L\000i\000s\000t\000\040\000o\000f\000\040\000A\000b\000b\000r\000e\000v\000i\000a\000t\000i\000o\000n\000s}{}% 3
\BOOKMARK [0][-]{chapter*.9}{\376\377\000L\000i\000s\000t\000\040\000o\000f\000\040\000F\000i\000g\000u\000r\000e\000s}{}% 4
\BOOKMARK [0][-]{chapter*.10}{\376\377\000L\000i\000s\000t\000\040\000o\000f\000\040\000T\000a\000b\000l\000e\000s}{}% 5
\BOOKMARK [0][-]{chapter.1}{\376\377\000I\000n\000t\000r\000o\000d\000u\000c\000t\000i\000o\000n}{}% 6
\BOOKMARK [1][-]{section.1.1}{\376\377\000B\000a\000c\000k\000g\000r\000o\000u\000n\000d}{chapter.1}% 7
\BOOKMARK [1][-]{section.1.2}{\376\377\000P\000r\000o\000b\000l\000e\000m\000\040\000D\000e\000f\000i\000n\000i\000t\000i\000o\000n}{chapter.1}% 8
\BOOKMARK [1][-]{section.1.3}{\376\377\000S\000c\000o\000p\000e\000\040\000a\000n\000d\000\040\000M\000o\000t\000i\000v\000a\000t\000i\000o\000n}{chapter.1}% 9
\BOOKMARK [1][-]{section.1.4}{\376\377\000O\000b\000j\000e\000c\000t\000i\000v\000e\000s}{chapter.1}% 10
\BOOKMARK [1][-]{section.1.5}{\376\377\000R\000i\000s\000k\000s\000\040\000\046\000\040\000C\000h\000a\000l\000l\000e\000n\000g\000e\000s}{chapter.1}% 11
\BOOKMARK [2][-]{subsection.1.5.1}{\376\377\000A\000I\000\040\000P\000e\000r\000f\000o\000r\000m\000a\000n\000c\000e\000\040\000R\000i\000s\000k}{section.1.5}% 12
\BOOKMARK [2][-]{subsection.1.5.2}{\376\377\000I\000n\000t\000e\000g\000r\000a\000t\000i\000o\000n\000\040\000C\000o\000m\000p\000l\000e\000x\000i\000t\000y}{section.1.5}% 13
\BOOKMARK [2][-]{subsection.1.5.3}{\376\377\000A\000I\000\040\000B\000a\000l\000a\000n\000c\000e}{section.1.5}% 14
\BOOKMARK [2][-]{subsection.1.5.4}{\376\377\000T\000o\000x\000i\000c\000i\000t\000y\000\040\000R\000i\000s\000k}{section.1.5}% 15
\BOOKMARK [2][-]{subsection.1.5.5}{\376\377\000M\000e\000m\000o\000r\000y\000\040\000C\000o\000n\000s\000i\000s\000t\000e\000n\000c\000y}{section.1.5}% 16
\BOOKMARK [2][-]{subsection.1.5.6}{\376\377\000S\000y\000n\000c\000h\000r\000o\000n\000i\000z\000a\000t\000i\000o\000n\000\040\000I\000s\000s\000u\000e\000s}{section.1.5}% 17
\BOOKMARK [1][-]{section.1.6}{\376\377\000A\000s\000s\000u\000m\000p\000t\000i\000o\000n\000s}{chapter.1}% 18
\BOOKMARK [1][-]{section.1.7}{\376\377\000S\000o\000c\000i\000e\000t\000a\000l\000\040\000/\000\040\000I\000n\000d\000u\000s\000t\000r\000i\000a\000l\000\040\000R\000e\000l\000e\000v\000a\000n\000c\000e}{chapter.1}% 19
\BOOKMARK [1][-]{section.1.8}{\376\377\000R\000e\000p\000o\000r\000t\000\040\000O\000r\000g\000a\000n\000i\000z\000a\000t\000i\000o\000n}{chapter.1}% 20
\BOOKMARK [1][-]{section.1.9}{\376\377\000S\000u\000m\000m\000a\000r\000y}{chapter.1}% 21
\BOOKMARK [0][-]{chapter.2}{\376\377\000L\000i\000t\000e\000r\000a\000t\000u\000r\000e\000\040\000S\000u\000r\000v\000e\000y}{}% 22
\BOOKMARK [1][-]{section.2.1}{\376\377\000I\000n\000t\000r\000o\000d\000u\000c\000t\000i\000o\000n}{chapter.2}% 23
\BOOKMARK [1][-]{section.2.2}{\376\377\000M\000e\000m\000o\000r\000y\000-\000A\000u\000g\000m\000e\000n\000t\000e\000d\000\040\000L\000a\000n\000g\000u\000a\000g\000e\000\040\000M\000o\000d\000e\000l\000s}{chapter.2}% 24
\BOOKMARK [1][-]{section.2.3}{\376\377\000A\000I\000\040\000D\000e\000c\000e\000p\000t\000i\000o\000n\000\040\000a\000n\000d\000\040\000S\000o\000c\000i\000a\000l\000\040\000I\000n\000t\000e\000l\000l\000i\000g\000e\000n\000c\000e}{chapter.2}% 25
\BOOKMARK [1][-]{section.2.4}{\376\377\000S\000t\000y\000l\000o\000m\000e\000t\000r\000i\000c\000\040\000A\000n\000a\000l\000y\000s\000i\000s\000\040\000a\000n\000d\000\040\000L\000i\000n\000g\000u\000i\000s\000t\000i\000c\000\040\000I\000m\000i\000t\000a\000t\000i\000o\000n}{chapter.2}% 26
\BOOKMARK [1][-]{section.2.5}{\376\377\000R\000e\000t\000r\000i\000e\000v\000a\000l\000-\000A\000u\000g\000m\000e\000n\000t\000e\000d\000\040\000G\000e\000n\000e\000r\000a\000t\000i\000o\000n}{chapter.2}% 27
\BOOKMARK [1][-]{section.2.6}{\376\377\000M\000u\000l\000t\000i\000p\000l\000a\000y\000e\000r\000\040\000N\000e\000t\000w\000o\000r\000k\000i\000n\000g\000\040\000a\000n\000d\000\040\000L\000a\000t\000e\000n\000c\000y}{chapter.2}% 28
\BOOKMARK [1][-]{section.2.7}{\376\377\000S\000o\000c\000i\000a\000l\000\040\000D\000y\000n\000a\000m\000i\000c\000s\000\040\000i\000n\000\040\000G\000a\000m\000e\000s}{chapter.2}% 29
\BOOKMARK [1][-]{section.2.8}{\376\377\000R\000e\000s\000e\000a\000r\000c\000h\000\040\000G\000a\000p\000s\000\040\000A\000d\000d\000r\000e\000s\000s\000e\000d}{chapter.2}% 30
\BOOKMARK [1][-]{section.2.9}{\376\377\000S\000u\000m\000m\000a\000r\000y}{chapter.2}% 31
\BOOKMARK [0][-]{chapter.3}{\376\377\000S\000y\000s\000t\000e\000m\000\040\000D\000e\000s\000i\000g\000n}{}% 32
\BOOKMARK [1][-]{section.3.1}{\376\377\000S\000y\000s\000t\000e\000m\000\040\000A\000r\000c\000h\000i\000t\000e\000c\000t\000u\000r\000e}{chapter.3}% 33
\BOOKMARK [1][-]{section.3.2}{\376\377\000D\000e\000s\000i\000g\000n\000\040\000D\000i\000a\000g\000r\000a\000m\000s}{chapter.3}% 34
\BOOKMARK [2][-]{subsection.3.2.1}{\376\377\000U\000s\000e\000\040\000C\000a\000s\000e\000\040\000D\000i\000a\000g\000r\000a\000m}{section.3.2}% 35
\BOOKMARK [2][-]{subsection.3.2.2}{\376\377\000S\000e\000q\000u\000e\000n\000c\000e\000\040\000D\000i\000a\000g\000r\000a\000m}{section.3.2}% 36
\BOOKMARK [2][-]{subsection.3.2.3}{\376\377\000A\000c\000t\000i\000v\000i\000t\000y\000\040\000D\000i\000a\000g\000r\000a\000m}{section.3.2}% 37
\BOOKMARK [2][-]{subsection.3.2.4}{\376\377\000C\000l\000a\000s\000s\000\040\000D\000i\000a\000g\000r\000a\000m}{section.3.2}% 38
\BOOKMARK [1][-]{section.3.3}{\376\377\000C\000o\000m\000p\000o\000n\000e\000n\000t\000\040\000D\000e\000s\000i\000g\000n}{chapter.3}% 39
\BOOKMARK [2][-]{subsection.3.3.1}{\376\377\000U\000n\000i\000t\000y\000\040\000G\000a\000m\000e\000\040\000C\000l\000i\000e\000n\000t}{section.3.3}% 40
\BOOKMARK [2][-]{subsection.3.3.2}{\376\377\000M\000u\000l\000t\000i\000p\000l\000a\000y\000e\000r\000\040\000a\000n\000d\000\040\000S\000e\000s\000s\000i\000o\000n\000\040\000L\000a\000y\000e\000r}{section.3.3}% 41
\BOOKMARK [2][-]{subsection.3.3.3}{\376\377\000G\000a\000m\000e\000\040\000L\000o\000g\000i\000c\000\040\000L\000a\000y\000e\000r\000\040\000\050\000H\000o\000s\000t\000/\000S\000e\000r\000v\000e\000r\000\040\000S\000i\000d\000e\000\051}{section.3.3}% 42
\BOOKMARK [2][-]{subsection.3.3.4}{\376\377\000A\000I\000\040\000B\000a\000c\000k\000e\000n\000d\000\040\000S\000e\000r\000v\000i\000c\000e}{section.3.3}% 43
\BOOKMARK [2][-]{subsection.3.3.5}{\376\377\000I\000n\000t\000e\000r\000-\000C\000o\000m\000p\000o\000n\000e\000n\000t\000\040\000I\000n\000t\000e\000r\000a\000c\000t\000i\000o\000n}{section.3.3}% 44
\BOOKMARK [1][-]{section.3.4}{\376\377\000A\000l\000g\000o\000r\000i\000t\000h\000m\000s}{chapter.3}% 45
\BOOKMARK [2][-]{subsection.3.4.1}{\376\377\000A\000l\000g\000o\000r\000i\000t\000h\000m\000\040\0001\000:\000\040\000C\000o\000n\000t\000e\000x\000t\000u\000a\000l\000\040\000D\000i\000a\000l\000o\000g\000u\000e\000\040\000G\000e\000n\000e\000r\000a\000t\000i\000o\000n}{section.3.4}% 46
\BOOKMARK [2][-]{subsection.3.4.2}{\376\377\000A\000l\000g\000o\000r\000i\000t\000h\000m\000\040\0002\000:\000\040\000A\000s\000s\000o\000c\000i\000a\000t\000i\000v\000e\000\040\000M\000e\000m\000o\000r\000y\000\040\040\024\000\040\000S\000t\000o\000r\000e}{section.3.4}% 47
\BOOKMARK [2][-]{subsection.3.4.3}{\376\377\000A\000l\000g\000o\000r\000i\000t\000h\000m\000\040\0003\000:\000\040\000L\000i\000n\000g\000u\000i\000s\000t\000i\000c\000\040\000P\000r\000o\000f\000i\000l\000e\000\040\000A\000n\000a\000l\000y\000s\000i\000s}{section.3.4}% 48
\BOOKMARK [2][-]{subsection.3.4.4}{\376\377\000A\000l\000g\000o\000r\000i\000t\000h\000m\000\040\0004\000:\000\040\000G\000o\000a\000l\000-\000O\000r\000i\000e\000n\000t\000e\000d\000\040\000B\000e\000h\000a\000v\000i\000o\000u\000r}{section.3.4}% 49
\BOOKMARK [2][-]{subsection.3.4.5}{\376\377\000A\000l\000g\000o\000r\000i\000t\000h\000m\000\040\0005\000:\000\040\000S\000o\000c\000i\000a\000l\000\040\000R\000e\000l\000a\000t\000i\000o\000n\000s\000h\000i\000p\000\040\000G\000r\000a\000p\000h}{section.3.4}% 50
\BOOKMARK [2][-]{subsection.3.4.6}{\376\377\000A\000l\000g\000o\000r\000i\000t\000h\000m\000\040\0006\000:\000\040\000A\000s\000s\000o\000c\000i\000a\000t\000i\000v\000e\000\040\000M\000e\000m\000o\000r\000y\000\040\040\024\000\040\000R\000e\000t\000r\000i\000e\000v\000e}{section.3.4}% 51
\BOOKMARK [1][-]{section.3.5}{\376\377\000R\000e\000q\000u\000i\000r\000e\000m\000e\000n\000t\000s}{chapter.3}% 52
\BOOKMARK [2][-]{subsection.3.5.1}{\376\377\000S\000o\000f\000t\000w\000a\000r\000e}{section.3.5}% 53
\BOOKMARK [2][-]{subsection.3.5.2}{\376\377\000H\000a\000r\000d\000w\000a\000r\000e}{section.3.5}% 54
\BOOKMARK [1][-]{section.3.6}{\376\377\000D\000a\000t\000a\000s\000e\000t\000\040\000a\000n\000d\000\040\000D\000a\000t\000a\000b\000a\000s\000e}{chapter.3}% 55
\BOOKMARK [1][-]{section.3.7}{\376\377\000M\000o\000d\000u\000l\000e\000\040\000D\000i\000v\000i\000s\000i\000o\000n}{chapter.3}% 56
\BOOKMARK [1][-]{section.3.8}{\376\377\000D\000e\000l\000i\000v\000e\000r\000a\000b\000l\000e\000s}{chapter.3}% 57
\BOOKMARK [1][-]{section.3.9}{\376\377\000T\000i\000m\000e\000l\000i\000n\000e}{chapter.3}% 58
\BOOKMARK [1][-]{section.3.10}{\376\377\000U\000I\000\040\000D\000e\000s\000i\000g\000n}{chapter.3}% 59
\BOOKMARK [1][-]{section.3.11}{\376\377\000S\000u\000m\000m\000a\000r\000y}{chapter.3}% 60
\BOOKMARK [0][-]{chapter.4}{\376\377\000R\000e\000s\000u\000l\000t\000s\000\040\000a\000n\000d\000\040\000D\000i\000s\000c\000u\000s\000s\000i\000o\000n\000s}{}% 61
\BOOKMARK [1][-]{section.4.1}{\376\377\000U\000s\000e\000r\000\040\000I\000n\000t\000e\000r\000f\000a\000c\000e\000\040\000a\000n\000d\000\040\000S\000e\000s\000s\000i\000o\000n\000\040\000F\000l\000o\000w}{chapter.4}% 62
\BOOKMARK [2][-]{subsection.4.1.1}{\376\377\000L\000o\000g\000i\000n\000\040\000S\000c\000r\000e\000e\000n}{section.4.1}% 63
\BOOKMARK [2][-]{subsection.4.1.2}{\376\377\000M\000u\000l\000t\000i\000p\000l\000a\000y\000e\000r\000\040\000L\000o\000b\000b\000y}{section.4.1}% 64
\BOOKMARK [1][-]{section.4.2}{\376\377\000I\000n\000-\000G\000a\000m\000e\000\040\000S\000y\000s\000t\000e\000m\000s}{chapter.4}% 65
\BOOKMARK [2][-]{subsection.4.2.1}{\376\377\000H\000U\000D\000\040\000a\000n\000d\000\040\000W\000o\000r\000l\000d\000\040\000E\000n\000v\000i\000r\000o\000n\000m\000e\000n\000t}{section.4.2}% 66
\BOOKMARK [2][-]{subsection.4.2.2}{\376\377\000N\000P\000C\000\040\000R\000e\000s\000e\000a\000r\000c\000h\000e\000r\000\040\000I\000n\000t\000e\000r\000a\000c\000t\000i\000o\000n}{section.4.2}% 67
\BOOKMARK [1][-]{section.4.3}{\376\377\000L\000L\000M\000-\000D\000r\000i\000v\000e\000n\000\040\000D\000e\000c\000e\000p\000t\000i\000o\000n\000\040\000a\000n\000d\000\040\000P\000r\000o\000x\000i\000m\000i\000t\000y\000\040\000C\000h\000a\000t}{chapter.4}% 68
\BOOKMARK [2][-]{subsection.4.3.1}{\376\377\000I\000m\000p\000o\000s\000t\000o\000r\000\040\000C\000h\000a\000t\000\040\000i\000n\000\040\000G\000a\000m\000e\000p\000l\000a\000y}{section.4.3}% 69
\BOOKMARK [2][-]{subsection.4.3.2}{\376\377\000B\000a\000c\000k\000e\000n\000d\000\040\000L\000L\000M\000\040\000D\000e\000c\000i\000s\000i\000o\000n\000\040\000O\000u\000t\000p\000u\000t}{section.4.3}% 70
\BOOKMARK [1][-]{section.4.4}{\376\377\000C\000o\000m\000b\000a\000t\000\040\000a\000n\000d\000\040\000E\000n\000e\000m\000y\000\040\000E\000n\000c\000o\000u\000n\000t\000e\000r\000s}{chapter.4}% 71
\BOOKMARK [2][-]{subsection.4.4.1}{\376\377\000E\000n\000e\000m\000y\000\040\000E\000n\000t\000i\000t\000y}{section.4.4}% 72
\BOOKMARK [2][-]{subsection.4.4.2}{\376\377\000B\000o\000s\000s\000\040\000E\000n\000c\000o\000u\000n\000t\000e\000r}{section.4.4}% 73
\BOOKMARK [0][-]{chapter.5}{\376\377\000C\000o\000n\000c\000l\000u\000s\000i\000o\000n\000s\000\040\000\046\000\040\000F\000u\000t\000u\000r\000e\000\040\000S\000c\000o\000p\000e}{}% 74
\BOOKMARK [0][-]{chapter.5}{\376\377\000R\000e\000f\000e\000r\000e\000n\000c\000e\000s}{}% 75
\BOOKMARK [0][-]{chapter*.43}{\376\377\000A\000p\000p\000e\000n\000d\000i\000x\000\040\000A\000:\000\040\000P\000r\000e\000s\000e\000n\000t\000a\000t\000i\000o\000n}{}% 76
\BOOKMARK [0][-]{paragraph*.45}{\376\377\000A\000p\000p\000e\000n\000d\000i\000x\000\040\000B\000:\000\040\000V\000i\000s\000i\000o\000n\000,\000\040\000M\000i\000s\000s\000i\000o\000n\000,\000\040\000P\000r\000o\000g\000r\000a\000m\000m\000e\000\040\000O\000u\000t\000c\000o\000m\000e\000s\000\040\000a\000n\000d\000\040\000C\000o\000u\000r\000s\000e\000\040\000O\000u\000t\000c\000o\000m\000e\000s}{}% 77
\BOOKMARK [0][-]{table.caption.48}{\376\377\000A\000p\000p\000e\000n\000d\000i\000x\000\040\000C\000:\000\040\000C\000O\040\023\000P\000O\040\023\000P\000S\000O\000\040\000M\000a\000p\000p\000i\000n\000g}{}% 78
